d:\projects\visual studio 2017\thehive\debug\vc141.pdb
d:\projects\visual studio 2017\thehive\debug\vc141.idb
d:\projects\visual studio 2017\thehive\debug\thehive.obj
d:\projects\visual studio 2017\thehive\debug\stdafx.obj
d:\projects\visual studio 2017\thehive\debug\positionrange.obj
d:\projects\visual studio 2017\thehive\debug\iparticlesystem.obj
d:\projects\visual studio 2017\thehive\debug\iparticleemitter.obj
d:\projects\visual studio 2017\thehive\debug\iparticle.obj
d:\projects\visual studio 2017\thehive\debug\integerrange.obj
d:\projects\visual studio 2017\thehive\debug\igameobject.obj
d:\projects\visual studio 2017\thehive\debug\gametime.obj
d:\projects\visual studio 2017\thehive\debug\floatrange.obj
d:\projects\visual studio 2017\thehive\debug\d3dsprite.obj
d:\projects\visual studio 2017\thehive\debug\d3dfont.obj
d:\projects\visual studio 2017\thehive\debug\d3dengine.obj
d:\projects\visual studio 2017\thehive\debug\colorrange.obj
d:\projects\visual studio 2017\thehive\debug\aurebeshfont.obj
d:\projects\visual studio 2017\thehive\debug\aurebeshemitter.obj
d:\projects\visual studio 2017\thehive\debug\thehive.exe
d:\projects\visual studio 2017\thehive\debug\thehive.ilk
d:\projects\visual studio 2017\thehive\debug\thehive.pdb
d:\projects\visual studio 2017\thehive\debug\thehive.res
d:\projects\visual studio 2017\thehive\debug\aurebeshfont.obj.enc
d:\projects\visual studio 2017\thehive\debug\thehive.tlog\cl.command.1.tlog
d:\projects\visual studio 2017\thehive\debug\thehive.tlog\cl.read.1.tlog
d:\projects\visual studio 2017\thehive\debug\thehive.tlog\cl.write.1.tlog
d:\projects\visual studio 2017\thehive\debug\thehive.tlog\link.command.1.tlog
d:\projects\visual studio 2017\thehive\debug\thehive.tlog\link.read.1.tlog
d:\projects\visual studio 2017\thehive\debug\thehive.tlog\link.write.1.tlog
d:\projects\visual studio 2017\thehive\debug\thehive.tlog\rc.command.1.tlog
d:\projects\visual studio 2017\thehive\debug\thehive.tlog\rc.read.1.tlog
d:\projects\visual studio 2017\thehive\debug\thehive.tlog\rc.write.1.tlog
